2020-05-22 01:51:39 53 [Note] InnoDB: Using atomics to ref count buffer pool pages
2020-05-22 01:51:39 53 [Note] InnoDB: The InnoDB memory heap is disabled
2020-05-22 01:51:39 53 [Note] InnoDB: Mutexes and rw_locks use GCC atomic builtins
2020-05-22 01:51:39 53 [Note] InnoDB: Memory barrier is not used
2020-05-22 01:51:39 53 [Note] InnoDB: Compressed tables use zlib 1.2.11
2020-05-22 01:51:39 53 [Note] InnoDB: Using Linux native AIO
2020-05-22 01:51:39 53 [Note] InnoDB: Using CPU crc32 instructions
2020-05-22 01:51:39 53 [Note] InnoDB: Initializing buffer pool, size = 128.0M
2020-05-22 01:51:39 53 [Note] InnoDB: Completed initialization of buffer pool
2020-05-22 01:51:39 53 [Note] InnoDB: The first specified data file ./ibdata1 did not exist: a new database to be created!
2020-05-22 01:51:39 53 [Note] InnoDB: Setting file ./ibdata1 size to 12 MB
2020-05-22 01:51:39 53 [Note] InnoDB: Database physically writes the file full: wait...
2020-05-22 01:51:39 53 [Note] InnoDB: Setting log file ./ib_logfile101 size to 48 MB
2020-05-22 01:51:40 53 [Note] InnoDB: Setting log file ./ib_logfile1 size to 48 MB
2020-05-22 01:51:40 53 [Note] InnoDB: Renaming log file ./ib_logfile101 to ./ib_logfile0
2020-05-22 01:51:40 53 [Warning] InnoDB: New log files created, LSN=45781
2020-05-22 01:51:40 53 [Note] InnoDB: Doublewrite buffer not found: creating new
2020-05-22 01:51:41 53 [Note] InnoDB: Doublewrite buffer created
2020-05-22 01:51:41 53 [Note] InnoDB: 128 rollback segment(s) are active.
2020-05-22 01:51:41 53 [Warning] InnoDB: Creating foreign key constraint system tables.
2020-05-22 01:51:41 53 [Note] InnoDB: Foreign key constraint system tables created
2020-05-22 01:51:41 53 [Note] InnoDB: Creating tablespace and datafile system tables.
2020-05-22 01:51:41 53 [Note] InnoDB: Tablespace and datafile system tables created.
2020-05-22 01:51:41 53 [Note] InnoDB: Waiting for purge to start
2020-05-22 01:51:41 53 [Note] InnoDB: 5.6.47 started; log sequence number 0
2020-05-22 01:51:41 53 [Note] RSA private key file not found: /var/lib/mysql//private_key.pem. Some authentication plugins will not work.
2020-05-22 01:51:41 53 [Note] RSA public key file not found: /var/lib/mysql//public_key.pem. Some authentication plugins will not work.
2020-05-22 01:51:43 53 [Note] Binlog end
2020-05-22 01:51:43 53 [Note] InnoDB: FTS optimize thread exiting.
2020-05-22 01:51:43 53 [Note] InnoDB: Starting shutdown...
2020-05-22 01:51:45 53 [Note] InnoDB: Shutdown completed; log sequence number 1625977
2020-05-22 01:51:45 76 [Note] InnoDB: Using atomics to ref count buffer pool pages
2020-05-22 01:51:45 76 [Note] InnoDB: The InnoDB memory heap is disabled
2020-05-22 01:51:45 76 [Note] InnoDB: Mutexes and rw_locks use GCC atomic builtins
2020-05-22 01:51:45 76 [Note] InnoDB: Memory barrier is not used
2020-05-22 01:51:45 76 [Note] InnoDB: Compressed tables use zlib 1.2.11
2020-05-22 01:51:45 76 [Note] InnoDB: Using Linux native AIO
2020-05-22 01:51:45 76 [Note] InnoDB: Using CPU crc32 instructions
2020-05-22 01:51:45 76 [Note] InnoDB: Initializing buffer pool, size = 128.0M
2020-05-22 01:51:45 76 [Note] InnoDB: Completed initialization of buffer pool
2020-05-22 01:51:45 76 [Note] InnoDB: Highest supported file format is Barracuda.
2020-05-22 01:51:45 76 [Note] InnoDB: 128 rollback segment(s) are active.
2020-05-22 01:51:45 76 [Note] InnoDB: Waiting for purge to start
2020-05-22 01:51:45 76 [Note] InnoDB: 5.6.47 started; log sequence number 1625977
2020-05-22 01:51:45 76 [Note] RSA private key file not found: /var/lib/mysql//private_key.pem. Some authentication plugins will not work.
2020-05-22 01:51:45 76 [Note] RSA public key file not found: /var/lib/mysql//public_key.pem. Some authentication plugins will not work.
2020-05-22 01:51:48 76 [Note] Binlog end
2020-05-22 01:51:48 76 [Note] InnoDB: FTS optimize thread exiting.
2020-05-22 01:51:48 76 [Note] InnoDB: Starting shutdown...
2020-05-22 01:51:50 76 [Note] InnoDB: Shutdown completed; log sequence number 1625987
2020-05-22 01:51:50 101 [Note] Plugin 'FEDERATED' is disabled.
2020-05-22 01:51:50 101 [Note] InnoDB: Using atomics to ref count buffer pool pages
2020-05-22 01:51:50 101 [Note] InnoDB: The InnoDB memory heap is disabled
2020-05-22 01:51:50 101 [Note] InnoDB: Mutexes and rw_locks use GCC atomic builtins
2020-05-22 01:51:50 101 [Note] InnoDB: Memory barrier is not used
2020-05-22 01:51:50 101 [Note] InnoDB: Compressed tables use zlib 1.2.11
2020-05-22 01:51:50 101 [Note] InnoDB: Using Linux native AIO
2020-05-22 01:51:50 101 [Note] InnoDB: Using CPU crc32 instructions
2020-05-22 01:51:50 101 [Note] InnoDB: Initializing buffer pool, size = 128.0M
2020-05-22 01:51:50 101 [Note] InnoDB: Completed initialization of buffer pool
2020-05-22 01:51:50 101 [Note] InnoDB: Highest supported file format is Barracuda.
2020-05-22 01:51:50 101 [Note] InnoDB: 128 rollback segment(s) are active.
2020-05-22 01:51:50 101 [Note] InnoDB: Waiting for purge to start
2020-05-22 01:51:50 101 [Note] InnoDB: 5.6.47 started; log sequence number 1625987
2020-05-22 01:51:50 101 [Warning] No existing UUID has been found, so we assume that this is the first time that this server has been started. Generating a new UUID: cdd95b10-9bce-11ea-a02f-0242c0a87002.
2020-05-22 01:51:50 101 [Note] RSA private key file not found: /var/lib/mysql//private_key.pem. Some authentication plugins will not work.
2020-05-22 01:51:50 101 [Note] RSA public key file not found: /var/lib/mysql//public_key.pem. Some authentication plugins will not work.
2020-05-22 01:51:50 101 [Warning] Insecure configuration for --pid-file: Location '/var/run/mysqld' in the path is accessible to all OS users. Consider choosing a different directory.
2020-05-22 01:51:50 101 [Warning] 'user' entry 'root@d802cb640f38' ignored in --skip-name-resolve mode.
2020-05-22 01:51:50 101 [Warning] 'user' entry '@d802cb640f38' ignored in --skip-name-resolve mode.
2020-05-22 01:51:50 101 [Warning] 'proxies_priv' entry '@ root@d802cb640f38' ignored in --skip-name-resolve mode.
2020-05-22 01:51:51 101 [Note] Event Scheduler: Loaded 0 events
2020-05-22 01:51:51 101 [Note] mysqld: ready for connections.
Version: '5.6.47-log'  socket: '/var/run/mysqld/mysqld.sock'  port: 0  MySQL Community Server (GPL)
2020-05-22 01:52:09 101 [Warning] 'proxies_priv' entry '@ root@d802cb640f38' ignored in --skip-name-resolve mode.
2020-05-22 01:52:09 101 [Warning] 'proxies_priv' entry '@ root@d802cb640f38' ignored in --skip-name-resolve mode.
2020-05-22 01:52:09 101 [Note] mysqld: Normal shutdown

2020-05-22 01:52:09 101 [Note] Giving 0 client threads a chance to die gracefully
2020-05-22 01:52:09 101 [Note] Event Scheduler: Purging the queue. 0 events
2020-05-22 01:52:09 101 [Note] Shutting down slave threads
2020-05-22 01:52:09 101 [Note] Forcefully disconnecting 0 remaining clients
2020-05-22 01:52:09 101 [Note] Binlog end
2020-05-22 01:52:09 101 [Note] Shutting down plugin 'partition'
2020-05-22 01:52:09 101 [Note] Shutting down plugin 'PERFORMANCE_SCHEMA'
2020-05-22 01:52:09 101 [Note] Shutting down plugin 'INNODB_SYS_DATAFILES'
2020-05-22 01:52:09 101 [Note] Shutting down plugin 'INNODB_SYS_TABLESPACES'
2020-05-22 01:52:09 101 [Note] Shutting down plugin 'INNODB_SYS_FOREIGN_COLS'
2020-05-22 01:52:09 101 [Note] Shutting down plugin 'INNODB_SYS_FOREIGN'
2020-05-22 01:52:09 101 [Note] Shutting down plugin 'INNODB_SYS_FIELDS'
2020-05-22 01:52:09 101 [Note] Shutting down plugin 'INNODB_SYS_COLUMNS'
2020-05-22 01:52:09 101 [Note] Shutting down plugin 'INNODB_SYS_INDEXES'
2020-05-22 01:52:09 101 [Note] Shutting down plugin 'INNODB_SYS_TABLESTATS'
2020-05-22 01:52:09 101 [Note] Shutting down plugin 'INNODB_SYS_TABLES'
2020-05-22 01:52:09 101 [Note] Shutting down plugin 'INNODB_FT_INDEX_TABLE'
2020-05-22 01:52:09 101 [Note] Shutting down plugin 'INNODB_FT_INDEX_CACHE'
2020-05-22 01:52:09 101 [Note] Shutting down plugin 'INNODB_FT_CONFIG'
2020-05-22 01:52:09 101 [Note] Shutting down plugin 'INNODB_FT_BEING_DELETED'
2020-05-22 01:52:09 101 [Note] Shutting down plugin 'INNODB_FT_DELETED'
2020-05-22 01:52:09 101 [Note] Shutting down plugin 'INNODB_FT_DEFAULT_STOPWORD'
2020-05-22 01:52:09 101 [Note] Shutting down plugin 'INNODB_METRICS'
2020-05-22 01:52:09 101 [Note] Shutting down plugin 'INNODB_BUFFER_POOL_STATS'
2020-05-22 01:52:09 101 [Note] Shutting down plugin 'INNODB_BUFFER_PAGE_LRU'
2020-05-22 01:52:09 101 [Note] Shutting down plugin 'INNODB_BUFFER_PAGE'
2020-05-22 01:52:09 101 [Note] Shutting down plugin 'INNODB_CMP_PER_INDEX_RESET'
2020-05-22 01:52:09 101 [Note] Shutting down plugin 'INNODB_CMP_PER_INDEX'
2020-05-22 01:52:09 101 [Note] Shutting down plugin 'INNODB_CMPMEM_RESET'
2020-05-22 01:52:09 101 [Note] Shutting down plugin 'INNODB_CMPMEM'
2020-05-22 01:52:09 101 [Note] Shutting down plugin 'INNODB_CMP_RESET'
2020-05-22 01:52:09 101 [Note] Shutting down plugin 'INNODB_CMP'
2020-05-22 01:52:09 101 [Note] Shutting down plugin 'INNODB_LOCK_WAITS'
2020-05-22 01:52:09 101 [Note] Shutting down plugin 'INNODB_LOCKS'
2020-05-22 01:52:09 101 [Note] Shutting down plugin 'INNODB_TRX'
2020-05-22 01:52:09 101 [Note] Shutting down plugin 'InnoDB'
2020-05-22 01:52:09 101 [Note] InnoDB: FTS optimize thread exiting.
2020-05-22 01:52:09 101 [Note] InnoDB: Starting shutdown...
2020-05-22 01:52:10 101 [Note] InnoDB: Shutdown completed; log sequence number 1625997
2020-05-22 01:52:10 101 [Note] Shutting down plugin 'BLACKHOLE'
2020-05-22 01:52:10 101 [Note] Shutting down plugin 'ARCHIVE'
2020-05-22 01:52:10 101 [Note] Shutting down plugin 'MRG_MYISAM'
2020-05-22 01:52:10 101 [Note] Shutting down plugin 'MyISAM'
2020-05-22 01:52:10 101 [Note] Shutting down plugin 'MEMORY'
2020-05-22 01:52:10 101 [Note] Shutting down plugin 'CSV'
2020-05-22 01:52:10 101 [Note] Shutting down plugin 'sha256_password'
2020-05-22 01:52:10 101 [Note] Shutting down plugin 'mysql_old_password'
2020-05-22 01:52:10 101 [Note] Shutting down plugin 'mysql_native_password'
2020-05-22 01:52:10 101 [Note] Shutting down plugin 'binlog'
2020-05-22 01:52:10 101 [Note] mysqld: Shutdown complete

2020-05-22 01:52:12 1 [Note] Plugin 'FEDERATED' is disabled.
2020-05-22 01:52:12 1 [Note] InnoDB: Using atomics to ref count buffer pool pages
2020-05-22 01:52:12 1 [Note] InnoDB: The InnoDB memory heap is disabled
2020-05-22 01:52:12 1 [Note] InnoDB: Mutexes and rw_locks use GCC atomic builtins
2020-05-22 01:52:12 1 [Note] InnoDB: Memory barrier is not used
2020-05-22 01:52:12 1 [Note] InnoDB: Compressed tables use zlib 1.2.11
2020-05-22 01:52:12 1 [Note] InnoDB: Using Linux native AIO
2020-05-22 01:52:12 1 [Note] InnoDB: Using CPU crc32 instructions
2020-05-22 01:52:12 1 [Note] InnoDB: Initializing buffer pool, size = 128.0M
2020-05-22 01:52:12 1 [Note] InnoDB: Completed initialization of buffer pool
2020-05-22 01:52:12 1 [Note] InnoDB: Highest supported file format is Barracuda.
2020-05-22 01:52:12 1 [Note] InnoDB: 128 rollback segment(s) are active.
2020-05-22 01:52:12 1 [Note] InnoDB: Waiting for purge to start
2020-05-22 01:52:12 1 [Note] InnoDB: 5.6.47 started; log sequence number 1625997
2020-05-22 01:52:12 1 [Note] RSA private key file not found: /var/lib/mysql//private_key.pem. Some authentication plugins will not work.
2020-05-22 01:52:12 1 [Note] RSA public key file not found: /var/lib/mysql//public_key.pem. Some authentication plugins will not work.
2020-05-22 01:52:12 1 [Note] Server hostname (bind-address): '*'; port: 3306
2020-05-22 01:52:12 1 [Note] IPv6 is available.
2020-05-22 01:52:12 1 [Note]   - '::' resolves to '::';
2020-05-22 01:52:12 1 [Note] Server socket created on IP: '::'.
2020-05-22 01:52:12 1 [Warning] Insecure configuration for --pid-file: Location '/var/run/mysqld' in the path is accessible to all OS users. Consider choosing a different directory.
2020-05-22 01:52:12 1 [Warning] 'proxies_priv' entry '@ root@d802cb640f38' ignored in --skip-name-resolve mode.
2020-05-22 01:52:12 1 [Note] Event Scheduler: Loaded 0 events
2020-05-22 01:52:12 1 [Note] mysqld: ready for connections.
Version: '5.6.47-log'  socket: '/var/run/mysqld/mysqld.sock'  port: 3306  MySQL Community Server (GPL)
2020-05-22 02:50:15 1 [Note] mysqld: Normal shutdown

2020-05-22 02:50:15 1 [Note] Giving 1 client threads a chance to die gracefully
2020-05-22 02:50:15 1 [Note] Event Scheduler: Purging the queue. 0 events
2020-05-22 02:50:15 1 [Note] Shutting down slave threads
2020-05-22 02:50:17 1 [Note] Forcefully disconnecting 0 remaining clients
2020-05-22 02:50:17 1 [Note] Binlog end
2020-05-22 02:50:17 1 [Note] Shutting down plugin 'partition'
2020-05-22 02:50:17 1 [Note] Shutting down plugin 'PERFORMANCE_SCHEMA'
2020-05-22 02:50:17 1 [Note] Shutting down plugin 'INNODB_SYS_DATAFILES'
2020-05-22 02:50:17 1 [Note] Shutting down plugin 'INNODB_SYS_TABLESPACES'
2020-05-22 02:50:17 1 [Note] Shutting down plugin 'INNODB_SYS_FOREIGN_COLS'
2020-05-22 02:50:17 1 [Note] Shutting down plugin 'INNODB_SYS_FOREIGN'
2020-05-22 02:50:17 1 [Note] Shutting down plugin 'INNODB_SYS_FIELDS'
2020-05-22 02:50:17 1 [Note] Shutting down plugin 'INNODB_SYS_COLUMNS'
2020-05-22 02:50:17 1 [Note] Shutting down plugin 'INNODB_SYS_INDEXES'
2020-05-22 02:50:17 1 [Note] Shutting down plugin 'INNODB_SYS_TABLESTATS'
2020-05-22 02:50:17 1 [Note] Shutting down plugin 'INNODB_SYS_TABLES'
2020-05-22 02:50:17 1 [Note] Shutting down plugin 'INNODB_FT_INDEX_TABLE'
2020-05-22 02:50:17 1 [Note] Shutting down plugin 'INNODB_FT_INDEX_CACHE'
2020-05-22 02:50:17 1 [Note] Shutting down plugin 'INNODB_FT_CONFIG'
2020-05-22 02:50:17 1 [Note] Shutting down plugin 'INNODB_FT_BEING_DELETED'
2020-05-22 02:50:17 1 [Note] Shutting down plugin 'INNODB_FT_DELETED'
2020-05-22 02:50:17 1 [Note] Shutting down plugin 'INNODB_FT_DEFAULT_STOPWORD'
2020-05-22 02:50:17 1 [Note] Shutting down plugin 'INNODB_METRICS'
2020-05-22 02:50:17 1 [Note] Shutting down plugin 'INNODB_BUFFER_POOL_STATS'
2020-05-22 02:50:17 1 [Note] Shutting down plugin 'INNODB_BUFFER_PAGE_LRU'
2020-05-22 02:50:17 1 [Note] Shutting down plugin 'INNODB_BUFFER_PAGE'
2020-05-22 02:50:17 1 [Note] Shutting down plugin 'INNODB_CMP_PER_INDEX_RESET'
2020-05-22 02:50:17 1 [Note] Shutting down plugin 'INNODB_CMP_PER_INDEX'
2020-05-22 02:50:17 1 [Note] Shutting down plugin 'INNODB_CMPMEM_RESET'
2020-05-22 02:50:17 1 [Note] Shutting down plugin 'INNODB_CMPMEM'
2020-05-22 02:50:17 1 [Note] Shutting down plugin 'INNODB_CMP_RESET'
2020-05-22 02:50:17 1 [Note] Shutting down plugin 'INNODB_CMP'
2020-05-22 02:50:17 1 [Note] Shutting down plugin 'INNODB_LOCK_WAITS'
2020-05-22 02:50:17 1 [Note] Shutting down plugin 'INNODB_LOCKS'
2020-05-22 02:50:17 1 [Note] Shutting down plugin 'INNODB_TRX'
2020-05-22 02:50:17 1 [Note] Shutting down plugin 'InnoDB'
2020-05-22 02:50:17 1 [Note] InnoDB: FTS optimize thread exiting.
2020-05-22 02:50:17 1 [Note] InnoDB: Starting shutdown...
2020-05-22 02:50:19 1 [Note] InnoDB: Shutdown completed; log sequence number 1626007
2020-05-22 02:50:19 1 [Note] Shutting down plugin 'BLACKHOLE'
2020-05-22 02:50:19 1 [Note] Shutting down plugin 'ARCHIVE'
2020-05-22 02:50:19 1 [Note] Shutting down plugin 'MRG_MYISAM'
2020-05-22 02:50:19 1 [Note] Shutting down plugin 'MyISAM'
2020-05-22 02:50:19 1 [Note] Shutting down plugin 'MEMORY'
2020-05-22 02:50:19 1 [Note] Shutting down plugin 'CSV'
2020-05-22 02:50:19 1 [Note] Shutting down plugin 'sha256_password'
2020-05-22 02:50:19 1 [Note] Shutting down plugin 'mysql_old_password'
2020-05-22 02:50:19 1 [Note] Shutting down plugin 'mysql_native_password'
2020-05-22 02:50:19 1 [Note] Shutting down plugin 'binlog'
2020-05-22 02:50:19 1 [Note] mysqld: Shutdown complete

2020-05-22 02:50:23 1 [Note] Plugin 'FEDERATED' is disabled.
2020-05-22 02:50:23 1 [Note] InnoDB: Using atomics to ref count buffer pool pages
2020-05-22 02:50:23 1 [Note] InnoDB: The InnoDB memory heap is disabled
2020-05-22 02:50:23 1 [Note] InnoDB: Mutexes and rw_locks use GCC atomic builtins
2020-05-22 02:50:23 1 [Note] InnoDB: Memory barrier is not used
2020-05-22 02:50:23 1 [Note] InnoDB: Compressed tables use zlib 1.2.11
2020-05-22 02:50:23 1 [Note] InnoDB: Using Linux native AIO
2020-05-22 02:50:23 1 [Note] InnoDB: Using CPU crc32 instructions
2020-05-22 02:50:23 1 [Note] InnoDB: Initializing buffer pool, size = 128.0M
2020-05-22 02:50:23 1 [Note] InnoDB: Completed initialization of buffer pool
2020-05-22 02:50:23 1 [Note] InnoDB: Highest supported file format is Barracuda.
2020-05-22 02:50:23 1 [Note] InnoDB: 128 rollback segment(s) are active.
2020-05-22 02:50:23 1 [Note] InnoDB: Waiting for purge to start
2020-05-22 02:50:24 1 [Note] InnoDB: 5.6.47 started; log sequence number 1626007
2020-05-22 02:50:24 1 [Note] RSA private key file not found: /var/lib/mysql//private_key.pem. Some authentication plugins will not work.
2020-05-22 02:50:24 1 [Note] RSA public key file not found: /var/lib/mysql//public_key.pem. Some authentication plugins will not work.
2020-05-22 02:50:24 1 [Note] Server hostname (bind-address): '*'; port: 3306
2020-05-22 02:50:24 1 [Note] IPv6 is available.
2020-05-22 02:50:24 1 [Note]   - '::' resolves to '::';
2020-05-22 02:50:24 1 [Note] Server socket created on IP: '::'.
2020-05-22 02:50:24 1 [Warning] Insecure configuration for --pid-file: Location '/var/run/mysqld' in the path is accessible to all OS users. Consider choosing a different directory.
2020-05-22 02:50:24 1 [Warning] 'proxies_priv' entry '@ root@d802cb640f38' ignored in --skip-name-resolve mode.
2020-05-22 02:50:24 1 [Note] Event Scheduler: Loaded 0 events
2020-05-22 02:50:24 1 [Note] mysqld: ready for connections.
Version: '5.6.47-log'  socket: '/var/run/mysqld/mysqld.sock'  port: 3306  MySQL Community Server (GPL)
2020-05-21 07:15:40 1 [Error] 임의 오류 발생
2020년 5월 22일 금요일 11시 55분 24초 KST 1 [Error] 임의 오류 발생
2020년 5월 22일 금요일 11시 55분 26초 KST 1 [Error] 임의 오류 발생
2020년 5월 22일 금요일 11시 55분 27초 KST 1 [Error] 임의 오류 발생
2020-05-22 02:50:24 1 [Note] mysqld: ready for connections.
2020-05-22 02:50:24 1 [Note] mysqld: ready for connections.
2020-05-22 03:03:20 1 [Note] mysqld: ready for connections.
2020-05-22 03:04:20 1 [Error] 오류 발생
2020-05-22 04:22:38 1 [Note] mysqld: Normal shutdown

2020-05-22 04:22:38 1 [Note] Giving 0 client threads a chance to die gracefully
2020-05-22 04:22:38 1 [Note] Event Scheduler: Purging the queue. 0 events
2020-05-22 04:22:38 1 [Note] Shutting down slave threads
2020-05-22 04:22:38 1 [Note] Forcefully disconnecting 0 remaining clients
2020-05-22 04:22:38 1 [Note] Binlog end
2020-05-22 04:22:38 1 [Note] Shutting down plugin 'partition'
2020-05-22 04:22:38 1 [Note] Shutting down plugin 'PERFORMANCE_SCHEMA'
2020-05-22 04:22:38 1 [Note] Shutting down plugin 'INNODB_SYS_DATAFILES'
2020-05-22 04:22:38 1 [Note] Shutting down plugin 'INNODB_SYS_TABLESPACES'
2020-05-22 04:22:38 1 [Note] Shutting down plugin 'INNODB_SYS_FOREIGN_COLS'
2020-05-22 04:22:38 1 [Note] Shutting down plugin 'INNODB_SYS_FOREIGN'
2020-05-22 04:22:38 1 [Note] Shutting down plugin 'INNODB_SYS_FIELDS'
2020-05-22 04:22:38 1 [Note] Shutting down plugin 'INNODB_SYS_COLUMNS'
2020-05-22 04:22:38 1 [Note] Shutting down plugin 'INNODB_SYS_INDEXES'
2020-05-22 04:22:38 1 [Note] Shutting down plugin 'INNODB_SYS_TABLESTATS'
2020-05-22 04:22:38 1 [Note] Shutting down plugin 'INNODB_SYS_TABLES'
2020-05-22 04:22:38 1 [Note] Shutting down plugin 'INNODB_FT_INDEX_TABLE'
2020-05-22 04:22:38 1 [Note] Shutting down plugin 'INNODB_FT_INDEX_CACHE'
2020-05-22 04:22:38 1 [Note] Shutting down plugin 'INNODB_FT_CONFIG'
2020-05-22 04:22:38 1 [Note] Shutting down plugin 'INNODB_FT_BEING_DELETED'
2020-05-22 04:22:38 1 [Note] Shutting down plugin 'INNODB_FT_DELETED'
2020-05-22 04:22:38 1 [Note] Shutting down plugin 'INNODB_FT_DEFAULT_STOPWORD'
2020-05-22 04:22:38 1 [Note] Shutting down plugin 'INNODB_METRICS'
2020-05-22 04:22:38 1 [Note] Shutting down plugin 'INNODB_BUFFER_POOL_STATS'
2020-05-22 04:22:38 1 [Note] Shutting down plugin 'INNODB_BUFFER_PAGE_LRU'
2020-05-22 04:22:38 1 [Note] Shutting down plugin 'INNODB_BUFFER_PAGE'
2020-05-22 04:22:38 1 [Note] Shutting down plugin 'INNODB_CMP_PER_INDEX_RESET'
2020-05-22 04:22:38 1 [Note] Shutting down plugin 'INNODB_CMP_PER_INDEX'
2020-05-22 04:22:38 1 [Note] Shutting down plugin 'INNODB_CMPMEM_RESET'
2020-05-22 04:22:38 1 [Note] Shutting down plugin 'INNODB_CMPMEM'
2020-05-22 04:22:38 1 [Note] Shutting down plugin 'INNODB_CMP_RESET'
2020-05-22 04:22:38 1 [Note] Shutting down plugin 'INNODB_CMP'
2020-05-22 04:22:38 1 [Note] Shutting down plugin 'INNODB_LOCK_WAITS'
2020-05-22 04:22:38 1 [Note] Shutting down plugin 'INNODB_LOCKS'
2020-05-22 04:22:38 1 [Note] Shutting down plugin 'INNODB_TRX'
2020-05-22 04:22:38 1 [Note] Shutting down plugin 'InnoDB'
2020-05-22 04:22:38 1 [Note] InnoDB: FTS optimize thread exiting.
2020-05-22 04:22:38 1 [Note] InnoDB: Starting shutdown...
2020-05-22 04:22:39 1 [Note] InnoDB: Shutdown completed; log sequence number 1626017
2020-05-22 04:22:39 1 [Note] Shutting down plugin 'BLACKHOLE'
2020-05-22 04:22:39 1 [Note] Shutting down plugin 'ARCHIVE'
2020-05-22 04:22:39 1 [Note] Shutting down plugin 'MRG_MYISAM'
2020-05-22 04:22:39 1 [Note] Shutting down plugin 'MyISAM'
2020-05-22 04:22:39 1 [Note] Shutting down plugin 'MEMORY'
2020-05-22 04:22:39 1 [Note] Shutting down plugin 'CSV'
2020-05-22 04:22:39 1 [Note] Shutting down plugin 'sha256_password'
2020-05-22 04:22:39 1 [Note] Shutting down plugin 'mysql_old_password'
2020-05-22 04:22:39 1 [Note] Shutting down plugin 'mysql_native_password'
2020-05-22 04:22:39 1 [Note] Shutting down plugin 'binlog'
2020-05-22 04:22:39 1 [Note] mysqld: Shutdown complete

2020-05-22 04:24:38 51 [Note] InnoDB: Using atomics to ref count buffer pool pages
2020-05-22 04:24:38 51 [Note] InnoDB: The InnoDB memory heap is disabled
2020-05-22 04:24:38 51 [Note] InnoDB: Mutexes and rw_locks use GCC atomic builtins
2020-05-22 04:24:38 51 [Note] InnoDB: Memory barrier is not used
2020-05-22 04:24:38 51 [Note] InnoDB: Compressed tables use zlib 1.2.11
2020-05-22 04:24:38 51 [Note] InnoDB: Using Linux native AIO
2020-05-22 04:24:38 51 [Note] InnoDB: Using CPU crc32 instructions
2020-05-22 04:24:38 51 [Note] InnoDB: Initializing buffer pool, size = 128.0M
2020-05-22 04:24:38 51 [Note] InnoDB: Completed initialization of buffer pool
2020-05-22 04:24:38 51 [Note] InnoDB: The first specified data file ./ibdata1 did not exist: a new database to be created!
2020-05-22 04:24:38 51 [Note] InnoDB: Setting file ./ibdata1 size to 12 MB
2020-05-22 04:24:38 51 [Note] InnoDB: Database physically writes the file full: wait...
2020-05-22 04:24:38 51 [Note] InnoDB: Setting log file ./ib_logfile101 size to 48 MB
2020-05-22 04:24:39 51 [Note] InnoDB: Setting log file ./ib_logfile1 size to 48 MB
2020-05-22 04:24:39 51 [Note] InnoDB: Renaming log file ./ib_logfile101 to ./ib_logfile0
2020-05-22 04:24:39 51 [Warning] InnoDB: New log files created, LSN=45781
2020-05-22 04:24:39 51 [Note] InnoDB: Doublewrite buffer not found: creating new
2020-05-22 04:24:39 51 [Note] InnoDB: Doublewrite buffer created
2020-05-22 04:24:39 51 [Note] InnoDB: 128 rollback segment(s) are active.
2020-05-22 04:24:39 51 [Warning] InnoDB: Creating foreign key constraint system tables.
2020-05-22 04:24:39 51 [Note] InnoDB: Foreign key constraint system tables created
2020-05-22 04:24:39 51 [Note] InnoDB: Creating tablespace and datafile system tables.
2020-05-22 04:24:39 51 [Note] InnoDB: Tablespace and datafile system tables created.
2020-05-22 04:24:39 51 [Note] InnoDB: Waiting for purge to start
2020-05-22 04:24:39 51 [Note] InnoDB: 5.6.47 started; log sequence number 0
2020-05-22 04:24:39 51 [Note] RSA private key file not found: /var/lib/mysql//private_key.pem. Some authentication plugins will not work.
2020-05-22 04:24:39 51 [Note] RSA public key file not found: /var/lib/mysql//public_key.pem. Some authentication plugins will not work.
2020-05-22 04:24:40 51 [Note] Binlog end
2020-05-22 04:24:40 51 [Note] InnoDB: FTS optimize thread exiting.
2020-05-22 04:24:40 51 [Note] InnoDB: Starting shutdown...
2020-05-22 04:24:41 51 [Note] InnoDB: Shutdown completed; log sequence number 1625977
2020-05-22 04:24:41 74 [Note] InnoDB: Using atomics to ref count buffer pool pages
2020-05-22 04:24:41 74 [Note] InnoDB: The InnoDB memory heap is disabled
2020-05-22 04:24:41 74 [Note] InnoDB: Mutexes and rw_locks use GCC atomic builtins
2020-05-22 04:24:41 74 [Note] InnoDB: Memory barrier is not used
2020-05-22 04:24:41 74 [Note] InnoDB: Compressed tables use zlib 1.2.11
2020-05-22 04:24:41 74 [Note] InnoDB: Using Linux native AIO
2020-05-22 04:24:41 74 [Note] InnoDB: Using CPU crc32 instructions
2020-05-22 04:24:41 74 [Note] InnoDB: Initializing buffer pool, size = 128.0M
2020-05-22 04:24:41 74 [Note] InnoDB: Completed initialization of buffer pool
2020-05-22 04:24:42 74 [Note] InnoDB: Highest supported file format is Barracuda.
2020-05-22 04:24:42 74 [Note] InnoDB: 128 rollback segment(s) are active.
2020-05-22 04:24:42 74 [Note] InnoDB: Waiting for purge to start
2020-05-22 04:24:42 74 [Note] InnoDB: 5.6.47 started; log sequence number 1625977
2020-05-22 04:24:42 74 [Note] RSA private key file not found: /var/lib/mysql//private_key.pem. Some authentication plugins will not work.
2020-05-22 04:24:42 74 [Note] RSA public key file not found: /var/lib/mysql//public_key.pem. Some authentication plugins will not work.
2020-05-22 04:24:42 74 [Note] Binlog end
2020-05-22 04:24:42 74 [Note] InnoDB: FTS optimize thread exiting.
2020-05-22 04:24:42 74 [Note] InnoDB: Starting shutdown...
2020-05-22 04:24:43 74 [Note] InnoDB: Shutdown completed; log sequence number 1625987
2020-05-22 04:24:44 99 [Note] Plugin 'FEDERATED' is disabled.
2020-05-22 04:24:44 99 [Note] InnoDB: Using atomics to ref count buffer pool pages
2020-05-22 04:24:44 99 [Note] InnoDB: The InnoDB memory heap is disabled
2020-05-22 04:24:44 99 [Note] InnoDB: Mutexes and rw_locks use GCC atomic builtins
2020-05-22 04:24:44 99 [Note] InnoDB: Memory barrier is not used
2020-05-22 04:24:44 99 [Note] InnoDB: Compressed tables use zlib 1.2.11
2020-05-22 04:24:44 99 [Note] InnoDB: Using Linux native AIO
2020-05-22 04:24:44 99 [Note] InnoDB: Using CPU crc32 instructions
2020-05-22 04:24:44 99 [Note] InnoDB: Initializing buffer pool, size = 128.0M
2020-05-22 04:24:44 99 [Note] InnoDB: Completed initialization of buffer pool
2020-05-22 04:24:44 99 [Note] InnoDB: Highest supported file format is Barracuda.
2020-05-22 04:24:44 99 [Note] InnoDB: 128 rollback segment(s) are active.
2020-05-22 04:24:44 99 [Note] InnoDB: Waiting for purge to start
2020-05-22 04:24:44 99 [Note] InnoDB: 5.6.47 started; log sequence number 1625987
2020-05-22 04:24:44 99 [Warning] No existing UUID has been found, so we assume that this is the first time that this server has been started. Generating a new UUID: 2a01a5f0-9be4-11ea-a0bb-0242c0a88003.
2020-05-22 04:24:44 99 [Note] RSA private key file not found: /var/lib/mysql//private_key.pem. Some authentication plugins will not work.
2020-05-22 04:24:44 99 [Note] RSA public key file not found: /var/lib/mysql//public_key.pem. Some authentication plugins will not work.
2020-05-22 04:24:44 99 [Warning] Insecure configuration for --pid-file: Location '/var/run/mysqld' in the path is accessible to all OS users. Consider choosing a different directory.
2020-05-22 04:24:44 99 [Warning] 'user' entry 'root@1a1e36912a9c' ignored in --skip-name-resolve mode.
2020-05-22 04:24:44 99 [Warning] 'user' entry '@1a1e36912a9c' ignored in --skip-name-resolve mode.
2020-05-22 04:24:44 99 [Warning] 'proxies_priv' entry '@ root@1a1e36912a9c' ignored in --skip-name-resolve mode.
2020-05-22 04:24:44 99 [Note] Event Scheduler: Loaded 0 events
2020-05-22 04:24:44 99 [Note] mysqld: ready for connections.
Version: '5.6.47-log'  socket: '/var/run/mysqld/mysqld.sock'  port: 0  MySQL Community Server (GPL)
2020-05-22 04:24:52 99 [Warning] 'proxies_priv' entry '@ root@1a1e36912a9c' ignored in --skip-name-resolve mode.
2020-05-22 04:24:52 99 [Warning] 'proxies_priv' entry '@ root@1a1e36912a9c' ignored in --skip-name-resolve mode.
2020-05-22 04:24:52 99 [Note] mysqld: Normal shutdown

2020-05-22 04:24:52 99 [Note] Giving 0 client threads a chance to die gracefully
2020-05-22 04:24:52 99 [Note] Event Scheduler: Purging the queue. 0 events
2020-05-22 04:24:52 99 [Note] Shutting down slave threads
2020-05-22 04:24:52 99 [Note] Forcefully disconnecting 0 remaining clients
2020-05-22 04:24:52 99 [Note] Binlog end
2020-05-22 04:24:52 99 [Note] Shutting down plugin 'partition'
2020-05-22 04:24:52 99 [Note] Shutting down plugin 'PERFORMANCE_SCHEMA'
2020-05-22 04:24:52 99 [Note] Shutting down plugin 'INNODB_SYS_DATAFILES'
2020-05-22 04:24:52 99 [Note] Shutting down plugin 'INNODB_SYS_TABLESPACES'
2020-05-22 04:24:52 99 [Note] Shutting down plugin 'INNODB_SYS_FOREIGN_COLS'
2020-05-22 04:24:52 99 [Note] Shutting down plugin 'INNODB_SYS_FOREIGN'
2020-05-22 04:24:52 99 [Note] Shutting down plugin 'INNODB_SYS_FIELDS'
2020-05-22 04:24:52 99 [Note] Shutting down plugin 'INNODB_SYS_COLUMNS'
2020-05-22 04:24:52 99 [Note] Shutting down plugin 'INNODB_SYS_INDEXES'
2020-05-22 04:24:52 99 [Note] Shutting down plugin 'INNODB_SYS_TABLESTATS'
2020-05-22 04:24:52 99 [Note] Shutting down plugin 'INNODB_SYS_TABLES'
2020-05-22 04:24:52 99 [Note] Shutting down plugin 'INNODB_FT_INDEX_TABLE'
2020-05-22 04:24:52 99 [Note] Shutting down plugin 'INNODB_FT_INDEX_CACHE'
2020-05-22 04:24:52 99 [Note] Shutting down plugin 'INNODB_FT_CONFIG'
2020-05-22 04:24:52 99 [Note] Shutting down plugin 'INNODB_FT_BEING_DELETED'
2020-05-22 04:24:52 99 [Note] Shutting down plugin 'INNODB_FT_DELETED'
2020-05-22 04:24:52 99 [Note] Shutting down plugin 'INNODB_FT_DEFAULT_STOPWORD'
2020-05-22 04:24:52 99 [Note] Shutting down plugin 'INNODB_METRICS'
2020-05-22 04:24:52 99 [Note] Shutting down plugin 'INNODB_BUFFER_POOL_STATS'
2020-05-22 04:24:52 99 [Note] Shutting down plugin 'INNODB_BUFFER_PAGE_LRU'
2020-05-22 04:24:52 99 [Note] Shutting down plugin 'INNODB_BUFFER_PAGE'
2020-05-22 04:24:52 99 [Note] Shutting down plugin 'INNODB_CMP_PER_INDEX_RESET'
2020-05-22 04:24:52 99 [Note] Shutting down plugin 'INNODB_CMP_PER_INDEX'
2020-05-22 04:24:52 99 [Note] Shutting down plugin 'INNODB_CMPMEM_RESET'
2020-05-22 04:24:52 99 [Note] Shutting down plugin 'INNODB_CMPMEM'
2020-05-22 04:24:52 99 [Note] Shutting down plugin 'INNODB_CMP_RESET'
2020-05-22 04:24:52 99 [Note] Shutting down plugin 'INNODB_CMP'
2020-05-22 04:24:52 99 [Note] Shutting down plugin 'INNODB_LOCK_WAITS'
2020-05-22 04:24:52 99 [Note] Shutting down plugin 'INNODB_LOCKS'
2020-05-22 04:24:52 99 [Note] Shutting down plugin 'INNODB_TRX'
2020-05-22 04:24:52 99 [Note] Shutting down plugin 'InnoDB'
2020-05-22 04:24:52 99 [Note] InnoDB: FTS optimize thread exiting.
2020-05-22 04:24:52 99 [Note] InnoDB: Starting shutdown...
2020-05-22 04:24:53 99 [Note] InnoDB: Shutdown completed; log sequence number 1625997
2020-05-22 04:24:53 99 [Note] Shutting down plugin 'BLACKHOLE'
2020-05-22 04:24:53 99 [Note] Shutting down plugin 'ARCHIVE'
2020-05-22 04:24:53 99 [Note] Shutting down plugin 'MRG_MYISAM'
2020-05-22 04:24:53 99 [Note] Shutting down plugin 'MyISAM'
2020-05-22 04:24:53 99 [Note] Shutting down plugin 'MEMORY'
2020-05-22 04:24:53 99 [Note] Shutting down plugin 'CSV'
2020-05-22 04:24:53 99 [Note] Shutting down plugin 'sha256_password'
2020-05-22 04:24:53 99 [Note] Shutting down plugin 'mysql_old_password'
2020-05-22 04:24:53 99 [Note] Shutting down plugin 'mysql_native_password'
2020-05-22 04:24:53 99 [Note] Shutting down plugin 'binlog'
2020-05-22 04:24:53 99 [Note] mysqld: Shutdown complete

2020-05-22 04:24:54 1 [Note] Plugin 'FEDERATED' is disabled.
2020-05-22 04:24:54 1 [Note] InnoDB: Using atomics to ref count buffer pool pages
2020-05-22 04:24:54 1 [Note] InnoDB: The InnoDB memory heap is disabled
2020-05-22 04:24:54 1 [Note] InnoDB: Mutexes and rw_locks use GCC atomic builtins
2020-05-22 04:24:54 1 [Note] InnoDB: Memory barrier is not used
2020-05-22 04:24:54 1 [Note] InnoDB: Compressed tables use zlib 1.2.11
2020-05-22 04:24:54 1 [Note] InnoDB: Using Linux native AIO
2020-05-22 04:24:54 1 [Note] InnoDB: Using CPU crc32 instructions
2020-05-22 04:24:54 1 [Note] InnoDB: Initializing buffer pool, size = 128.0M
2020-05-22 04:24:54 1 [Note] InnoDB: Completed initialization of buffer pool
2020-05-22 04:24:54 1 [Note] InnoDB: Highest supported file format is Barracuda.
2020-05-22 04:24:54 1 [Note] InnoDB: 128 rollback segment(s) are active.
2020-05-22 04:24:54 1 [Note] InnoDB: Waiting for purge to start
2020-05-22 04:24:54 1 [Note] InnoDB: 5.6.47 started; log sequence number 1625997
2020-05-22 04:24:54 1 [Note] RSA private key file not found: /var/lib/mysql//private_key.pem. Some authentication plugins will not work.
2020-05-22 04:24:54 1 [Note] RSA public key file not found: /var/lib/mysql//public_key.pem. Some authentication plugins will not work.
2020-05-22 04:24:54 1 [Note] Server hostname (bind-address): '*'; port: 3306
2020-05-22 04:24:54 1 [Note] IPv6 is available.
2020-05-22 04:24:54 1 [Note]   - '::' resolves to '::';
2020-05-22 04:24:54 1 [Note] Server socket created on IP: '::'.
2020-05-22 04:24:54 1 [Warning] Insecure configuration for --pid-file: Location '/var/run/mysqld' in the path is accessible to all OS users. Consider choosing a different directory.
2020-05-22 04:24:54 1 [Warning] 'proxies_priv' entry '@ root@1a1e36912a9c' ignored in --skip-name-resolve mode.
2020-05-22 04:24:54 1 [Note] Event Scheduler: Loaded 0 events
2020-05-22 04:24:54 1 [Note] mysqld: ready for connections.
Version: '5.6.47-log'  socket: '/var/run/mysqld/mysqld.sock'  port: 3306  MySQL Community Server (GPL)
2020-05-22 04:27:09 1 [Note] mysqld: Normal shutdown

2020-05-22 04:27:09 1 [Note] Giving 0 client threads a chance to die gracefully
2020-05-22 04:27:09 1 [Note] Event Scheduler: Purging the queue. 0 events
2020-05-22 04:27:09 1 [Note] Shutting down slave threads
2020-05-22 04:27:09 1 [Note] Forcefully disconnecting 0 remaining clients
2020-05-22 04:27:09 1 [Note] Binlog end
2020-05-22 04:27:09 1 [Note] Shutting down plugin 'partition'
2020-05-22 04:27:09 1 [Note] Shutting down plugin 'PERFORMANCE_SCHEMA'
2020-05-22 04:27:09 1 [Note] Shutting down plugin 'INNODB_SYS_DATAFILES'
2020-05-22 04:27:09 1 [Note] Shutting down plugin 'INNODB_SYS_TABLESPACES'
2020-05-22 04:27:09 1 [Note] Shutting down plugin 'INNODB_SYS_FOREIGN_COLS'
2020-05-22 04:27:09 1 [Note] Shutting down plugin 'INNODB_SYS_FOREIGN'
2020-05-22 04:27:09 1 [Note] Shutting down plugin 'INNODB_SYS_FIELDS'
2020-05-22 04:27:09 1 [Note] Shutting down plugin 'INNODB_SYS_COLUMNS'
2020-05-22 04:27:09 1 [Note] Shutting down plugin 'INNODB_SYS_INDEXES'
2020-05-22 04:27:09 1 [Note] Shutting down plugin 'INNODB_SYS_TABLESTATS'
2020-05-22 04:27:09 1 [Note] Shutting down plugin 'INNODB_SYS_TABLES'
2020-05-22 04:27:09 1 [Note] Shutting down plugin 'INNODB_FT_INDEX_TABLE'
2020-05-22 04:27:09 1 [Note] Shutting down plugin 'INNODB_FT_INDEX_CACHE'
2020-05-22 04:27:09 1 [Note] Shutting down plugin 'INNODB_FT_CONFIG'
2020-05-22 04:27:09 1 [Note] Shutting down plugin 'INNODB_FT_BEING_DELETED'
2020-05-22 04:27:09 1 [Note] Shutting down plugin 'INNODB_FT_DELETED'
2020-05-22 04:27:09 1 [Note] Shutting down plugin 'INNODB_FT_DEFAULT_STOPWORD'
2020-05-22 04:27:09 1 [Note] Shutting down plugin 'INNODB_METRICS'
2020-05-22 04:27:09 1 [Note] Shutting down plugin 'INNODB_BUFFER_POOL_STATS'
2020-05-22 04:27:09 1 [Note] Shutting down plugin 'INNODB_BUFFER_PAGE_LRU'
2020-05-22 04:27:09 1 [Note] Shutting down plugin 'INNODB_BUFFER_PAGE'
2020-05-22 04:27:09 1 [Note] Shutting down plugin 'INNODB_CMP_PER_INDEX_RESET'
2020-05-22 04:27:09 1 [Note] Shutting down plugin 'INNODB_CMP_PER_INDEX'
2020-05-22 04:27:09 1 [Note] Shutting down plugin 'INNODB_CMPMEM_RESET'
2020-05-22 04:27:09 1 [Note] Shutting down plugin 'INNODB_CMPMEM'
2020-05-22 04:27:09 1 [Note] Shutting down plugin 'INNODB_CMP_RESET'
2020-05-22 04:27:09 1 [Note] Shutting down plugin 'INNODB_CMP'
2020-05-22 04:27:09 1 [Note] Shutting down plugin 'INNODB_LOCK_WAITS'
2020-05-22 04:27:09 1 [Note] Shutting down plugin 'INNODB_LOCKS'
2020-05-22 04:27:09 1 [Note] Shutting down plugin 'INNODB_TRX'
2020-05-22 04:27:09 1 [Note] Shutting down plugin 'InnoDB'
2020-05-22 04:27:09 1 [Note] InnoDB: FTS optimize thread exiting.
2020-05-22 04:27:09 1 [Note] InnoDB: Starting shutdown...
2020-05-22 04:27:11 1 [Note] InnoDB: Shutdown completed; log sequence number 1626007
2020-05-22 04:27:11 1 [Note] Shutting down plugin 'BLACKHOLE'
2020-05-22 04:27:11 1 [Note] Shutting down plugin 'ARCHIVE'
2020-05-22 04:27:11 1 [Note] Shutting down plugin 'MRG_MYISAM'
2020-05-22 04:27:11 1 [Note] Shutting down plugin 'MyISAM'
2020-05-22 04:27:11 1 [Note] Shutting down plugin 'MEMORY'
2020-05-22 04:27:11 1 [Note] Shutting down plugin 'CSV'
2020-05-22 04:27:11 1 [Note] Shutting down plugin 'sha256_password'
2020-05-22 04:27:11 1 [Note] Shutting down plugin 'mysql_old_password'
2020-05-22 04:27:11 1 [Note] Shutting down plugin 'mysql_native_password'
2020-05-22 04:27:11 1 [Note] Shutting down plugin 'binlog'
2020-05-22 04:27:11 1 [Note] mysqld: Shutdown complete

2020-05-22 04:27:33 50 [Note] InnoDB: Using atomics to ref count buffer pool pages
2020-05-22 04:27:33 50 [Note] InnoDB: The InnoDB memory heap is disabled
2020-05-22 04:27:33 50 [Note] InnoDB: Mutexes and rw_locks use GCC atomic builtins
2020-05-22 04:27:33 50 [Note] InnoDB: Memory barrier is not used
2020-05-22 04:27:33 50 [Note] InnoDB: Compressed tables use zlib 1.2.11
2020-05-22 04:27:35 50 [Note] InnoDB: Using Linux native AIO
2020-05-22 04:27:35 50 [Note] InnoDB: Using CPU crc32 instructions
2020-05-22 04:27:35 50 [Note] InnoDB: Initializing buffer pool, size = 128.0M
2020-05-22 04:27:35 50 [Note] InnoDB: Completed initialization of buffer pool
2020-05-22 04:27:35 50 [Note] InnoDB: The first specified data file ./ibdata1 did not exist: a new database to be created!
2020-05-22 04:27:35 50 [Note] InnoDB: Setting file ./ibdata1 size to 12 MB
2020-05-22 04:27:35 50 [Note] InnoDB: Database physically writes the file full: wait...
2020-05-22 04:27:35 50 [Note] InnoDB: Setting log file ./ib_logfile101 size to 48 MB
2020-05-22 04:27:35 50 [Note] InnoDB: Setting log file ./ib_logfile1 size to 48 MB
2020-05-22 04:27:35 50 [Note] InnoDB: Renaming log file ./ib_logfile101 to ./ib_logfile0
2020-05-22 04:27:35 50 [Warning] InnoDB: New log files created, LSN=45781
2020-05-22 04:27:35 50 [Note] InnoDB: Doublewrite buffer not found: creating new
2020-05-22 04:27:35 50 [Note] InnoDB: Doublewrite buffer created
2020-05-22 04:27:35 50 [Note] InnoDB: 128 rollback segment(s) are active.
2020-05-22 04:27:35 50 [Warning] InnoDB: Creating foreign key constraint system tables.
2020-05-22 04:27:35 50 [Note] InnoDB: Foreign key constraint system tables created
2020-05-22 04:27:35 50 [Note] InnoDB: Creating tablespace and datafile system tables.
2020-05-22 04:27:35 50 [Note] InnoDB: Tablespace and datafile system tables created.
2020-05-22 04:27:35 50 [Note] InnoDB: Waiting for purge to start
2020-05-22 04:27:35 50 [Note] InnoDB: 5.6.47 started; log sequence number 0
2020-05-22 04:27:35 50 [Note] RSA private key file not found: /var/lib/mysql//private_key.pem. Some authentication plugins will not work.
2020-05-22 04:27:35 50 [Note] RSA public key file not found: /var/lib/mysql//public_key.pem. Some authentication plugins will not work.
2020-05-22 04:27:36 50 [Note] Binlog end
2020-05-22 04:27:36 50 [Note] InnoDB: FTS optimize thread exiting.
2020-05-22 04:27:36 50 [Note] InnoDB: Starting shutdown...
2020-05-22 04:27:37 50 [Note] InnoDB: Shutdown completed; log sequence number 1625977
2020-05-22 04:27:37 73 [Note] InnoDB: Using atomics to ref count buffer pool pages
2020-05-22 04:27:37 73 [Note] InnoDB: The InnoDB memory heap is disabled
2020-05-22 04:27:37 73 [Note] InnoDB: Mutexes and rw_locks use GCC atomic builtins
2020-05-22 04:27:37 73 [Note] InnoDB: Memory barrier is not used
2020-05-22 04:27:37 73 [Note] InnoDB: Compressed tables use zlib 1.2.11
2020-05-22 04:27:37 73 [Note] InnoDB: Using Linux native AIO
2020-05-22 04:27:37 73 [Note] InnoDB: Using CPU crc32 instructions
2020-05-22 04:27:37 73 [Note] InnoDB: Initializing buffer pool, size = 128.0M
2020-05-22 04:27:37 73 [Note] InnoDB: Completed initialization of buffer pool
2020-05-22 04:27:37 73 [Note] InnoDB: Highest supported file format is Barracuda.
2020-05-22 04:27:38 73 [Note] InnoDB: 128 rollback segment(s) are active.
2020-05-22 04:27:38 73 [Note] InnoDB: Waiting for purge to start
2020-05-22 04:27:38 73 [Note] InnoDB: 5.6.47 started; log sequence number 1625977
2020-05-22 04:27:38 73 [Note] RSA private key file not found: /var/lib/mysql//private_key.pem. Some authentication plugins will not work.
2020-05-22 04:27:38 73 [Note] RSA public key file not found: /var/lib/mysql//public_key.pem. Some authentication plugins will not work.
2020-05-22 04:27:38 73 [Note] Binlog end
2020-05-22 04:27:38 73 [Note] InnoDB: FTS optimize thread exiting.
2020-05-22 04:27:38 73 [Note] InnoDB: Starting shutdown...
2020-05-22 04:27:39 73 [Note] InnoDB: Shutdown completed; log sequence number 1625987
2020-05-22 04:27:40 98 [Note] Plugin 'FEDERATED' is disabled.
2020-05-22 04:27:40 98 [Note] InnoDB: Using atomics to ref count buffer pool pages
2020-05-22 04:27:40 98 [Note] InnoDB: The InnoDB memory heap is disabled
2020-05-22 04:27:40 98 [Note] InnoDB: Mutexes and rw_locks use GCC atomic builtins
2020-05-22 04:27:40 98 [Note] InnoDB: Memory barrier is not used
2020-05-22 04:27:40 98 [Note] InnoDB: Compressed tables use zlib 1.2.11
2020-05-22 04:27:40 98 [Note] InnoDB: Using Linux native AIO
2020-05-22 04:27:40 98 [Note] InnoDB: Using CPU crc32 instructions
2020-05-22 04:27:40 98 [Note] InnoDB: Initializing buffer pool, size = 128.0M
2020-05-22 04:27:40 98 [Note] InnoDB: Completed initialization of buffer pool
2020-05-22 04:27:40 98 [Note] InnoDB: Highest supported file format is Barracuda.
2020-05-22 04:27:40 98 [Note] InnoDB: 128 rollback segment(s) are active.
2020-05-22 04:27:40 98 [Note] InnoDB: Waiting for purge to start
2020-05-22 04:27:40 98 [Note] InnoDB: 5.6.47 started; log sequence number 1625987
2020-05-22 04:27:40 98 [Warning] No existing UUID has been found, so we assume that this is the first time that this server has been started. Generating a new UUID: 92b3cfa2-9be4-11ea-a0bd-0242c0a89003.
2020-05-22 04:27:40 98 [Note] RSA private key file not found: /var/lib/mysql//private_key.pem. Some authentication plugins will not work.
2020-05-22 04:27:40 98 [Note] RSA public key file not found: /var/lib/mysql//public_key.pem. Some authentication plugins will not work.
2020-05-22 04:27:40 98 [Warning] Insecure configuration for --pid-file: Location '/var/run/mysqld' in the path is accessible to all OS users. Consider choosing a different directory.
2020-05-22 04:27:40 98 [Warning] 'user' entry 'root@ce9e80c641f4' ignored in --skip-name-resolve mode.
2020-05-22 04:27:40 98 [Warning] 'user' entry '@ce9e80c641f4' ignored in --skip-name-resolve mode.
2020-05-22 04:27:40 98 [Warning] 'proxies_priv' entry '@ root@ce9e80c641f4' ignored in --skip-name-resolve mode.
2020-05-22 04:27:40 98 [Note] Event Scheduler: Loaded 0 events
2020-05-22 04:27:40 98 [Note] mysqld: ready for connections.
Version: '5.6.47-log'  socket: '/var/run/mysqld/mysqld.sock'  port: 0  MySQL Community Server (GPL)
2020-05-22 04:27:45 98 [Warning] 'proxies_priv' entry '@ root@ce9e80c641f4' ignored in --skip-name-resolve mode.
2020-05-22 04:27:45 98 [Warning] 'proxies_priv' entry '@ root@ce9e80c641f4' ignored in --skip-name-resolve mode.
2020-05-22 04:27:45 98 [Note] mysqld: Normal shutdown

2020-05-22 04:27:45 98 [Note] Giving 0 client threads a chance to die gracefully
2020-05-22 04:27:45 98 [Note] Event Scheduler: Purging the queue. 0 events
2020-05-22 04:27:45 98 [Note] Shutting down slave threads
2020-05-22 04:27:45 98 [Note] Forcefully disconnecting 0 remaining clients
2020-05-22 04:27:45 98 [Note] Binlog end
2020-05-22 04:27:45 98 [Note] Shutting down plugin 'partition'
2020-05-22 04:27:45 98 [Note] Shutting down plugin 'PERFORMANCE_SCHEMA'
2020-05-22 04:27:45 98 [Note] Shutting down plugin 'INNODB_SYS_DATAFILES'
2020-05-22 04:27:45 98 [Note] Shutting down plugin 'INNODB_SYS_TABLESPACES'
2020-05-22 04:27:45 98 [Note] Shutting down plugin 'INNODB_SYS_FOREIGN_COLS'
2020-05-22 04:27:45 98 [Note] Shutting down plugin 'INNODB_SYS_FOREIGN'
2020-05-22 04:27:45 98 [Note] Shutting down plugin 'INNODB_SYS_FIELDS'
2020-05-22 04:27:45 98 [Note] Shutting down plugin 'INNODB_SYS_COLUMNS'
2020-05-22 04:27:45 98 [Note] Shutting down plugin 'INNODB_SYS_INDEXES'
2020-05-22 04:27:45 98 [Note] Shutting down plugin 'INNODB_SYS_TABLESTATS'
2020-05-22 04:27:45 98 [Note] Shutting down plugin 'INNODB_SYS_TABLES'
2020-05-22 04:27:45 98 [Note] Shutting down plugin 'INNODB_FT_INDEX_TABLE'
2020-05-22 04:27:45 98 [Note] Shutting down plugin 'INNODB_FT_INDEX_CACHE'
2020-05-22 04:27:45 98 [Note] Shutting down plugin 'INNODB_FT_CONFIG'
2020-05-22 04:27:45 98 [Note] Shutting down plugin 'INNODB_FT_BEING_DELETED'
2020-05-22 04:27:45 98 [Note] Shutting down plugin 'INNODB_FT_DELETED'
2020-05-22 04:27:45 98 [Note] Shutting down plugin 'INNODB_FT_DEFAULT_STOPWORD'
2020-05-22 04:27:45 98 [Note] Shutting down plugin 'INNODB_METRICS'
2020-05-22 04:27:45 98 [Note] Shutting down plugin 'INNODB_BUFFER_POOL_STATS'
2020-05-22 04:27:45 98 [Note] Shutting down plugin 'INNODB_BUFFER_PAGE_LRU'
2020-05-22 04:27:45 98 [Note] Shutting down plugin 'INNODB_BUFFER_PAGE'
2020-05-22 04:27:45 98 [Note] Shutting down plugin 'INNODB_CMP_PER_INDEX_RESET'
2020-05-22 04:27:45 98 [Note] Shutting down plugin 'INNODB_CMP_PER_INDEX'
2020-05-22 04:27:45 98 [Note] Shutting down plugin 'INNODB_CMPMEM_RESET'
2020-05-22 04:27:45 98 [Note] Shutting down plugin 'INNODB_CMPMEM'
2020-05-22 04:27:45 98 [Note] Shutting down plugin 'INNODB_CMP_RESET'
2020-05-22 04:27:45 98 [Note] Shutting down plugin 'INNODB_CMP'
2020-05-22 04:27:45 98 [Note] Shutting down plugin 'INNODB_LOCK_WAITS'
2020-05-22 04:27:45 98 [Note] Shutting down plugin 'INNODB_LOCKS'
2020-05-22 04:27:45 98 [Note] Shutting down plugin 'INNODB_TRX'
2020-05-22 04:27:45 98 [Note] Shutting down plugin 'InnoDB'
2020-05-22 04:27:45 98 [Note] InnoDB: FTS optimize thread exiting.
2020-05-22 04:27:45 98 [Note] InnoDB: Starting shutdown...
2020-05-22 04:27:47 98 [Note] InnoDB: Shutdown completed; log sequence number 1625997
2020-05-22 04:27:47 98 [Note] Shutting down plugin 'BLACKHOLE'
2020-05-22 04:27:47 98 [Note] Shutting down plugin 'ARCHIVE'
2020-05-22 04:27:47 98 [Note] Shutting down plugin 'MRG_MYISAM'
2020-05-22 04:27:47 98 [Note] Shutting down plugin 'MyISAM'
2020-05-22 04:27:47 98 [Note] Shutting down plugin 'MEMORY'
2020-05-22 04:27:47 98 [Note] Shutting down plugin 'CSV'
2020-05-22 04:27:47 98 [Note] Shutting down plugin 'sha256_password'
2020-05-22 04:27:47 98 [Note] Shutting down plugin 'mysql_old_password'
2020-05-22 04:27:47 98 [Note] Shutting down plugin 'mysql_native_password'
2020-05-22 04:27:47 98 [Note] Shutting down plugin 'binlog'
2020-05-22 04:27:47 98 [Note] mysqld: Shutdown complete

2020-05-22 04:27:47 1 [Note] Plugin 'FEDERATED' is disabled.
2020-05-22 04:27:47 1 [Note] InnoDB: Using atomics to ref count buffer pool pages
2020-05-22 04:27:47 1 [Note] InnoDB: The InnoDB memory heap is disabled
2020-05-22 04:27:47 1 [Note] InnoDB: Mutexes and rw_locks use GCC atomic builtins
2020-05-22 04:27:47 1 [Note] InnoDB: Memory barrier is not used
2020-05-22 04:27:47 1 [Note] InnoDB: Compressed tables use zlib 1.2.11
2020-05-22 04:27:47 1 [Note] InnoDB: Using Linux native AIO
2020-05-22 04:27:47 1 [Note] InnoDB: Using CPU crc32 instructions
2020-05-22 04:27:47 1 [Note] InnoDB: Initializing buffer pool, size = 128.0M
2020-05-22 04:27:47 1 [Note] InnoDB: Completed initialization of buffer pool
2020-05-22 04:27:47 1 [Note] InnoDB: Highest supported file format is Barracuda.
2020-05-22 04:27:47 1 [Note] InnoDB: 128 rollback segment(s) are active.
2020-05-22 04:27:48 1 [Note] InnoDB: Waiting for purge to start
2020-05-22 04:27:48 1 [Note] InnoDB: 5.6.47 started; log sequence number 1625997
2020-05-22 04:27:48 1 [Note] RSA private key file not found: /var/lib/mysql//private_key.pem. Some authentication plugins will not work.
2020-05-22 04:27:48 1 [Note] RSA public key file not found: /var/lib/mysql//public_key.pem. Some authentication plugins will not work.
2020-05-22 04:27:48 1 [Note] Server hostname (bind-address): '*'; port: 3306
2020-05-22 04:27:48 1 [Note] IPv6 is available.
2020-05-22 04:27:48 1 [Note]   - '::' resolves to '::';
2020-05-22 04:27:48 1 [Note] Server socket created on IP: '::'.
2020-05-22 04:27:48 1 [Warning] Insecure configuration for --pid-file: Location '/var/run/mysqld' in the path is accessible to all OS users. Consider choosing a different directory.
2020-05-22 04:27:48 1 [Warning] 'proxies_priv' entry '@ root@ce9e80c641f4' ignored in --skip-name-resolve mode.
2020-05-22 04:27:48 1 [Note] Event Scheduler: Loaded 0 events
2020-05-22 04:27:48 1 [Note] mysqld: ready for connections.
Version: '5.6.47-log'  socket: '/var/run/mysqld/mysqld.sock'  port: 3306  MySQL Community Server (GPL)
